TN:
SF:src\server.ts
FN:1,(empty-report)
FNF:1
FNH:0
FNDA:0,(empty-report)
DA:1,0
DA:2,0
DA:3,0
DA:4,0
DA:6,0
DA:7,0
DA:9,0
DA:11,0
DA:12,0
DA:13,0
DA:15,0
DA:17,0
DA:18,0
DA:19,0
DA:20,0
DA:21,0
DA:22,0
DA:23,0
DA:24,0
DA:25,0
DA:26,0
DA:28,0
DA:29,0
DA:30,0
LF:24
LH:0
BRDA:1,0,0,0
BRF:1
BRH:0
end_of_record
TN:
SF:src\controllers\userController.ts
FN:1,(empty-report)
FNF:1
FNH:1
FNDA:1,(empty-report)
DA:2,0
DA:8,0
DA:9,0
DA:13,0
DA:14,0
DA:15,0
DA:16,0
DA:17,0
DA:18,0
DA:20,0
DA:21,0
DA:22,0
DA:23,0
DA:24,0
DA:26,0
DA:27,0
DA:28,0
DA:29,0
DA:30,0
DA:32,0
DA:33,0
DA:34,0
DA:35,0
DA:36,0
DA:38,0
DA:39,0
DA:40,0
DA:41,0
DA:42,0
DA:43,0
DA:45,0
DA:46,0
DA:47,0
DA:48,0
DA:49,0
DA:51,0
DA:52,0
DA:53,0
DA:54,0
DA:55,0
DA:56,0
LF:41
LH:0
BRDA:1,0,0,1
BRF:1
BRH:1
end_of_record
TN:
SF:src\errors\customErrors.ts
FN:4,AppError
FN:13,NotFoundError
FN:19,UnauthorizedError
FN:25,BadRequestError
FNF:4
FNH:2
FNDA:2,AppError
FNDA:0,NotFoundError
FNDA:2,UnauthorizedError
FNDA:0,BadRequestError
DA:1,1
DA:4,1
DA:5,2
DA:6,2
DA:7,2
DA:8,2
DA:9,2
DA:10,1
DA:12,1
DA:13,1
DA:14,0
DA:15,0
DA:16,1
DA:18,1
DA:19,1
DA:20,2
DA:21,2
DA:22,1
DA:24,1
DA:25,1
DA:26,0
DA:27,0
DA:28,1
LF:23
LH:19
BRDA:4,0,0,2
BRDA:19,1,0,2
BRF:2
BRH:2
end_of_record
TN:
SF:src\lib\jwt.ts
FN:6,generateToken
FN:10,verifyToken
FNF:2
FNH:2
FNDA:3,generateToken
FNDA:2,verifyToken
DA:1,1
DA:4,1
DA:6,1
DA:7,3
DA:8,3
DA:10,1
DA:11,2
DA:12,2
LF:8
LH:8
BRDA:4,0,0,0
BRDA:6,1,0,3
BRDA:10,2,0,2
BRF:3
BRH:2
end_of_record
TN:
SF:src\lib\prisma.ts
FN:1,(empty-report)
FNF:1
FNH:0
FNDA:0,(empty-report)
DA:1,0
DA:3,0
LF:2
LH:0
BRDA:1,0,0,0
BRF:1
BRH:0
end_of_record
TN:
SF:src\middlewares\authMiddleware.ts
FN:6,authMiddleware
FNF:1
FNH:1
FNDA:3,authMiddleware
DA:2,1
DA:3,1
DA:6,1
DA:7,3
DA:8,3
DA:9,3
DA:10,3
DA:11,3
DA:12,3
DA:14,3
DA:15,1
DA:16,1
DA:18,2
DA:20,2
DA:21,2
DA:22,2
DA:23,2
DA:24,2
DA:25,2
DA:26,3
DA:27,1
DA:28,1
DA:29,3
LF:23
LH:23
BRDA:6,0,0,3
BRDA:14,1,0,2
BRDA:14,2,0,1
BRDA:16,3,0,2
BRDA:26,4,0,1
BRF:5
BRH:5
end_of_record
TN:
SF:src\middlewares\handleError.ts
FN:11,handleError
FNF:1
FNH:1
FNDA:2,handleError
DA:2,1
DA:3,1
DA:4,1
DA:11,1
DA:12,2
DA:13,2
DA:14,2
DA:15,2
DA:16,2
DA:17,2
DA:18,0
DA:19,0
DA:20,0
DA:21,0
DA:22,0
DA:24,2
DA:25,2
DA:26,2
DA:27,2
DA:28,2
DA:29,2
DA:30,2
DA:32,0
DA:33,0
DA:34,0
DA:36,0
DA:37,0
DA:38,0
DA:40,0
DA:41,0
DA:42,0
DA:43,0
DA:44,0
LF:33
LH:17
BRDA:11,0,0,2
BRDA:17,1,0,0
BRDA:30,2,0,0
BRF:3
BRH:1
end_of_record
TN:
SF:src\repositories\userRepository.ts
FN:5,create
FN:14,listAll
FN:17,getById
FN:22,update
FN:33,delete
FN:38,login
FNF:6
FNH:6
FNDA:2,create
FNDA:2,listAll
FNDA:2,getById
FNDA:2,update
FNDA:2,delete
FNDA:2,login
DA:1,1
DA:4,1
DA:5,1
DA:6,2
DA:7,2
DA:8,2
DA:9,2
DA:10,2
DA:11,2
DA:12,2
DA:13,2
DA:14,1
DA:15,2
DA:16,2
DA:17,1
DA:18,2
DA:19,2
DA:20,2
DA:21,2
DA:22,1
DA:23,2
DA:24,2
DA:25,2
DA:26,2
DA:27,2
DA:28,2
DA:29,2
DA:30,2
DA:31,2
DA:32,2
DA:33,1
DA:34,2
DA:35,2
DA:36,2
DA:37,2
DA:38,1
DA:39,2
DA:40,2
DA:41,2
DA:42,2
DA:43,1
LF:41
LH:41
BRDA:5,0,0,2
BRDA:14,1,0,2
BRDA:17,2,0,2
BRDA:22,3,0,2
BRDA:33,4,0,2
BRDA:38,5,0,2
BRF:6
BRH:6
end_of_record
TN:
SF:src\routes\userRoutes.ts
FN:1,(empty-report)
FNF:1
FNH:0
FNDA:0,(empty-report)
DA:1,0
DA:3,0
DA:4,0
DA:6,0
DA:8,0
DA:9,0
DA:10,0
DA:11,0
DA:12,0
DA:13,0
DA:14,0
DA:16,0
LF:12
LH:0
BRDA:1,0,0,0
BRF:1
BRH:0
end_of_record
TN:
SF:src\schemas\userSchema.ts
FN:1,(empty-report)
FNF:1
FNH:0
FNDA:0,(empty-report)
DA:1,0
DA:3,0
DA:4,0
DA:5,0
DA:7,0
DA:8,0
DA:9,0
DA:10,0
DA:11,0
DA:13,0
DA:14,0
DA:15,0
DA:16,0
DA:17,0
DA:19,0
DA:20,0
DA:21,0
DA:22,0
LF:18
LH:0
BRDA:1,0,0,0
BRF:1
BRH:0
end_of_record
TN:
SF:src\services\userService.ts
FN:21,create
FN:26,listAll
FN:30,getById
FN:40,getProfile
FN:50,update
FN:64,delete
FN:68,login
FNF:7
FNH:2
FNDA:1,create
FNDA:0,listAll
FNDA:0,getById
FNDA:0,getProfile
FNDA:1,update
FNDA:0,delete
FNDA:0,login
DA:1,1
DA:2,1
DA:3,1
DA:4,1
DA:20,1
DA:21,1
DA:22,1
DA:23,1
DA:24,1
DA:26,1
DA:27,0
DA:28,0
DA:30,1
DA:31,0
DA:33,0
DA:34,0
DA:35,0
DA:37,0
DA:38,0
DA:40,1
DA:41,0
DA:43,0
DA:44,0
DA:45,0
DA:47,0
DA:48,0
DA:50,1
DA:51,1
DA:52,1
DA:53,1
DA:54,1
DA:55,1
DA:56,1
DA:57,1
DA:58,1
DA:59,1
DA:61,0
DA:62,1
DA:64,1
DA:65,0
DA:66,0
DA:68,1
DA:69,0
DA:70,0
DA:71,0
DA:72,0
DA:73,0
DA:74,0
DA:76,0
DA:77,0
DA:78,0
DA:80,0
DA:81,0
DA:82,0
DA:83,1
LF:55
LH:26
BRDA:21,0,0,1
BRDA:50,1,0,1
BRDA:59,2,0,0
BRF:3
BRH:2
end_of_record
TN:
SF:src\tests\utils\createTestApp.ts
FN:5,createTestApp
FNF:1
FNH:1
FNDA:1,createTestApp
DA:1,1
DA:2,1
DA:3,1
DA:5,1
DA:6,1
DA:7,1
DA:9,1
DA:10,1
DA:11,1
DA:13,1
DA:14,1
DA:15,2
DA:16,2
DA:17,2
DA:18,2
DA:19,2
DA:20,2
DA:21,2
DA:22,1
DA:24,1
DA:25,1
LF:21
LH:21
BRDA:5,0,0,1
BRDA:9,1,0,1
BRDA:14,2,0,2
BRF:3
BRH:3
end_of_record
TN:
SF:src\tests\utils\mock.ts
FN:4,createFakeUser
FNF:1
FNH:1
FNDA:10,createFakeUser
DA:4,1
DA:5,10
DA:6,10
DA:7,10
DA:8,10
DA:9,10
DA:10,10
DA:11,10
DA:12,10
LF:9
LH:9
BRDA:4,0,0,10
BRF:1
BRH:1
end_of_record
TN:
SF:src\types\auth.ts
FN:1,(empty-report)
FNF:1
FNH:1
FNDA:1,(empty-report)
LF:0
LH:0
BRDA:1,0,0,1
BRF:1
BRH:1
end_of_record
TN:
SF:src\utils\formatUser.ts
FN:1,(empty-report)
FNF:1
FNH:1
FNDA:1,(empty-report)
DA:3,0
DA:4,0
DA:5,0
DA:6,0
DA:7,0
LF:5
LH:0
BRDA:1,0,0,1
BRF:1
BRH:1
end_of_record
TN:
SF:src\utils\zodUtils.ts
FN:1,formatZodErrors
FNF:1
FNH:0
FNDA:0,formatZodErrors
DA:1,1
DA:2,0
DA:4,0
DA:5,0
DA:6,0
DA:7,0
DA:8,0
DA:10,0
DA:11,0
LF:9
LH:1
BRF:0
BRH:0
end_of_record
